********************************************************************************
DUPLICATOR-LITE PACKAGE-LOG: June 2, 2023 5:16 pm
NOTICE: Do NOT post to public sites or forums 
********************************************************************************
VERSION:	1.5.4
WORDPRESS:	6.2.2
PHP INFO:	8.2.0 | SAPI: apache2handler
SERVER:		Apache/2.4.54 (Win64) OpenSSL/1.1.1p PHP/8.2.0 
PHP TIME LIMIT: (0) no time limit imposed 
PHP MAX MEMORY: 4294967296 (512M default) 
MEMORY STACK: 64MB
[CTRL DUP ARCIVE] PACKAGE AS NEW ID 1 SAVED | STATUS:0
[DUP ARCHIVE] BUILDING DATABASE

********************************************************************************
DATABASE:
********************************************************************************
BUILD MODE:   MYSQLDUMP
MYSQLTIMEOUT: 5000
MYSQLDUMP:    Is Supported
[PHP ERR][ISSUE] MSG:Creation of dynamic property DUP_Database::$sameNameTableExists is deprecated [CODE:8192|FILE:T:\xampp\htdocs\project2\wp-content\plugins\duplicator\classes\package\class.pack.database.php|LINE:761]
do_action('wp_ajax_duplicator_duparchive_package_build'), WP_Hook->do_action, WP_Hook->apply_filters, duplicator_duparchive_package_build, DUP_Package->runDupArchiveBuild, DUP_Database->build, DUP_Database->mysqlDump, DUP_Database->rewriteTableNameAs, DUP_Handler::error, DUP_Handler::getMessage
SQL CREATED: 20230602_digitaldelights_e406e0516b9368599683_20230602171612_database.sql
SQL FILE SIZE: 3.72MB (3905878)
SQL FILE TIME: 2023-06-02 17:16:30
SQL RUNTIME: 11.81 sec.
[DUP ARCHIVE] VALIDATING DATABASE
[DUP ARCHIVE] DONE DATABASE

********************************************************************************
ARCHIVE Type=DUP Mode=DupArchive
********************************************************************************
ARCHIVE DIR:  T:/xampp/htdocs/project2
ARCHIVE FILE: 20230602_digitaldelights_e406e0516b9368599683_20230602171612_archive.daf
FILTERS: *OFF*
DIRS:
	not set
FILES:
	not set
EXTS:  not set
----------------------------------------
COMPRESSING
SIZE:	129.97MB
STATS:	Dirs 1,208 | Files 6,671 | Total 7,879
[DUP ARCHIVE] DONE ARCHIVE
[DUP ARCHIVE] DONE ARCHIVE
[DUP ARCHIVE] DONE ARCHIVE
[DUP ARCHIVE] DONE ARCHIVE
[DUP ARCHIVE] DONE ARCHIVE
[DUP ARCHIVE] DONE ARCHIVE
building installer
[DUP ARCHIVE] DONE ARCHIVE
COMPRESSED SIZE: 51.28MB
ARCHIVE RUNTIME: 72.64 sec.
MEMORY STACK: 68MB
CREATE WARNINGS: No warnings.
VALIDATION WARNINGS: No warnings.
[DUP ARCHIVE] DONE ARCHIVE
[DUP ARCHIVE] HAS COMPLETED CLOSING
[DUP ARCHIVE] DUP ARCHIVE INTEGRITY CHECK

********************************************************************************
INTEGRITY CHECKS:
********************************************************************************
SQL FILE: 3.72MB
INSTALLER FILE: 94.69KB
ARCHIVE FILE: 51.28MB 
EXPECTED FILE/DIRECTORY COUNT: 8,617
ACTUAL FILE/DIRECTORY COUNT: 8,618

********************************************************************************
RECORD ID:[1]
TOTAL PROCESS RUNTIME: 72.65 sec.
PEAK PHP MEMORY USED: 70MB
DONE PROCESSING => 20230602_digitaldelights 2023-06-02 17:17:31

